<?xml version="1.0" encoding="UTF-8"?>
<robot generator="Robot 6.0.1 (Python 3.10.8 on darwin)" generated="20221231 05:23:58.749" rpa="false" schemaversion="3">
<suite id="s1" name="LogTextTestSuite" source="/Users/valeria/Documents/qa/qa-kp02-kryvosheieva/lab2/tests/LogTextTestSuite.robot">
<test id="s1-t1" name="User should be able to create log text file" line="9">
<kw name="Create Logtext File" library="LogTextKeywords">
<arg>root</arg>
<arg>LogtextTestCreate</arg>
<kw name="Create New Logtext File" library="LogTextLibrary">
<arg>${BASE_URL}</arg>
<arg>${name}</arg>
<arg>${path}</arg>
<status status="PASS" starttime="20221231 05:23:58.805" endtime="20221231 05:23:58.814"/>
</kw>
<status status="PASS" starttime="20221231 05:23:58.804" endtime="20221231 05:23:58.814"/>
</kw>
<kw name="Logtext Status Should Be" library="LogTextLibrary">
<arg>200</arg>
<status status="PASS" starttime="20221231 05:23:58.814" endtime="20221231 05:23:58.814"/>
</kw>
<status status="PASS" starttime="20221231 05:23:58.804" endtime="20221231 05:23:58.814"/>
</test>
<test id="s1-t2" name="User should be able to move file" line="13">
<kw name="Create Directory" library="DirectoryKeywords">
<arg>root</arg>
<arg>DirLogtextTestMove</arg>
<arg>100</arg>
<kw name="Create New Directory" library="DirectoryLibrary">
<arg>${BASE_URL}</arg>
<arg>${name}</arg>
<arg>${path}</arg>
<arg>${max_elements}</arg>
<status status="PASS" starttime="20221231 05:23:58.814" endtime="20221231 05:23:58.816"/>
</kw>
<status status="PASS" starttime="20221231 05:23:58.814" endtime="20221231 05:23:58.816"/>
</kw>
<kw name="Create Logtext File" library="LogTextKeywords">
<arg>root</arg>
<arg>LogtextTestMove</arg>
<kw name="Create New Logtext File" library="LogTextLibrary">
<arg>${BASE_URL}</arg>
<arg>${name}</arg>
<arg>${path}</arg>
<status status="PASS" starttime="20221231 05:23:58.817" endtime="20221231 05:23:58.818"/>
</kw>
<status status="PASS" starttime="20221231 05:23:58.817" endtime="20221231 05:23:58.819"/>
</kw>
<kw name="Move Logtext File" library="LogTextKeywords">
<arg>root/LogtextTestMove</arg>
<arg>root/DirLogtextTestMove</arg>
<kw name="Move Existing Logtext File" library="LogTextLibrary">
<arg>${BASE_URL}</arg>
<arg>${move_from}</arg>
<arg>${move_to}</arg>
<status status="PASS" starttime="20221231 05:23:58.819" endtime="20221231 05:23:58.821"/>
</kw>
<status status="PASS" starttime="20221231 05:23:58.819" endtime="20221231 05:23:58.821"/>
</kw>
<kw name="Logtext Status Should Be" library="LogTextLibrary">
<arg>200</arg>
<status status="PASS" starttime="20221231 05:23:58.821" endtime="20221231 05:23:58.821"/>
</kw>
<kw name="Find Logtext File" library="LogTextKeywords">
<arg>root/LogtextTestMove</arg>
<kw name="Find Existing Logtext File" library="LogTextLibrary">
<arg>${BASE_URL}</arg>
<arg>${path}</arg>
<status status="PASS" starttime="20221231 05:23:58.821" endtime="20221231 05:23:58.823"/>
</kw>
<status status="PASS" starttime="20221231 05:23:58.821" endtime="20221231 05:23:58.823"/>
</kw>
<kw name="Logtext Status Should Be" library="LogTextLibrary">
<arg>404</arg>
<status status="PASS" starttime="20221231 05:23:58.823" endtime="20221231 05:23:58.823"/>
</kw>
<kw name="Find Logtext File" library="LogTextKeywords">
<arg>root/DirLogtextTestMove/LogtextTestMove</arg>
<kw name="Find Existing Logtext File" library="LogTextLibrary">
<arg>${BASE_URL}</arg>
<arg>${path}</arg>
<status status="PASS" starttime="20221231 05:23:58.823" endtime="20221231 05:23:58.826"/>
</kw>
<status status="PASS" starttime="20221231 05:23:58.823" endtime="20221231 05:23:58.826"/>
</kw>
<kw name="Logtext Status Should Be" library="LogTextLibrary">
<arg>200</arg>
<status status="PASS" starttime="20221231 05:23:58.826" endtime="20221231 05:23:58.826"/>
</kw>
<status status="PASS" starttime="20221231 05:23:58.814" endtime="20221231 05:23:58.826"/>
</test>
<test id="s1-t3" name="User should be abble to append a line to the end of the file" line="23">
<kw name="Create Logtext File" library="LogTextKeywords">
<arg>root</arg>
<arg>LogtextTestAppend</arg>
<kw name="Create New Logtext File" library="LogTextLibrary">
<arg>${BASE_URL}</arg>
<arg>${name}</arg>
<arg>${path}</arg>
<status status="PASS" starttime="20221231 05:23:58.826" endtime="20221231 05:23:58.829"/>
</kw>
<status status="PASS" starttime="20221231 05:23:58.826" endtime="20221231 05:23:58.829"/>
</kw>
<kw name="Logtext Status Should Be" library="LogTextLibrary">
<arg>200</arg>
<status status="PASS" starttime="20221231 05:23:58.829" endtime="20221231 05:23:58.829"/>
</kw>
<kw name="Append Line To Logtext File" library="LogTextLibrary">
<arg>${BASE_URL}</arg>
<arg>root/LogtextTestAppend</arg>
<arg>TestAppend</arg>
<status status="PASS" starttime="20221231 05:23:58.829" endtime="20221231 05:23:58.831"/>
</kw>
<kw name="Logtext Status Should Be" library="LogTextLibrary">
<arg>200</arg>
<status status="PASS" starttime="20221231 05:23:58.831" endtime="20221231 05:23:58.831"/>
</kw>
<kw name="Find Logtext File" library="LogTextKeywords">
<arg>root/LogtextTestAppend</arg>
<kw name="Find Existing Logtext File" library="LogTextLibrary">
<arg>${BASE_URL}</arg>
<arg>${path}</arg>
<status status="PASS" starttime="20221231 05:23:58.832" endtime="20221231 05:23:58.833"/>
</kw>
<status status="PASS" starttime="20221231 05:23:58.831" endtime="20221231 05:23:58.834"/>
</kw>
<kw name="Logtext Content Should Be" library="LogTextLibrary">
<arg>TestAppend</arg>
<status status="PASS" starttime="20221231 05:23:58.834" endtime="20221231 05:23:58.834"/>
</kw>
<kw name="Logtext Status Should Be" library="LogTextLibrary">
<arg>200</arg>
<status status="PASS" starttime="20221231 05:23:58.834" endtime="20221231 05:23:58.834"/>
</kw>
<kw name="Append Line To Logtext File" library="LogTextLibrary">
<arg>${BASE_URL}</arg>
<arg>root/LogtextTestAppend</arg>
<arg>/TestAppend2</arg>
<status status="PASS" starttime="20221231 05:23:58.834" endtime="20221231 05:23:58.836"/>
</kw>
<kw name="Find Logtext File" library="LogTextKeywords">
<arg>root/LogtextTestAppend</arg>
<kw name="Find Existing Logtext File" library="LogTextLibrary">
<arg>${BASE_URL}</arg>
<arg>${path}</arg>
<status status="PASS" starttime="20221231 05:23:58.837" endtime="20221231 05:23:58.839"/>
</kw>
<status status="PASS" starttime="20221231 05:23:58.836" endtime="20221231 05:23:58.839"/>
</kw>
<kw name="Logtext Content Should Be" library="LogTextLibrary">
<arg>TestAppend/TestAppend2</arg>
<status status="PASS" starttime="20221231 05:23:58.839" endtime="20221231 05:23:58.839"/>
</kw>
<kw name="Logtext Status Should Be" library="LogTextLibrary">
<arg>200</arg>
<status status="PASS" starttime="20221231 05:23:58.839" endtime="20221231 05:23:58.839"/>
</kw>
<status status="PASS" starttime="20221231 05:23:58.826" endtime="20221231 05:23:58.839"/>
</test>
<test id="s1-t4" name="User should be able to delete file" line="36">
<kw name="Create Logtext File" library="LogTextKeywords">
<arg>root</arg>
<arg>LogtextTestDelete</arg>
<kw name="Create New Logtext File" library="LogTextLibrary">
<arg>${BASE_URL}</arg>
<arg>${name}</arg>
<arg>${path}</arg>
<status status="PASS" starttime="20221231 05:23:58.840" endtime="20221231 05:23:58.842"/>
</kw>
<status status="PASS" starttime="20221231 05:23:58.840" endtime="20221231 05:23:58.842"/>
</kw>
<kw name="Logtext Status Should Be" library="LogTextLibrary">
<arg>200</arg>
<status status="PASS" starttime="20221231 05:23:58.842" endtime="20221231 05:23:58.842"/>
</kw>
<kw name="Find Logtext File" library="LogTextKeywords">
<arg>root/LogtextTestDelete</arg>
<kw name="Find Existing Logtext File" library="LogTextLibrary">
<arg>${BASE_URL}</arg>
<arg>${path}</arg>
<status status="PASS" starttime="20221231 05:23:58.842" endtime="20221231 05:23:58.845"/>
</kw>
<status status="PASS" starttime="20221231 05:23:58.842" endtime="20221231 05:23:58.845"/>
</kw>
<kw name="Logtext Status Should Be" library="LogTextLibrary">
<arg>200</arg>
<status status="PASS" starttime="20221231 05:23:58.845" endtime="20221231 05:23:58.845"/>
</kw>
<kw name="Delete Logtext File" library="LogTextKeywords">
<arg>root/LogtextTestDelete</arg>
<kw name="Delete Existing Logtext File" library="LogTextLibrary">
<arg>${BASE_URL}</arg>
<arg>${path}</arg>
<status status="PASS" starttime="20221231 05:23:58.845" endtime="20221231 05:23:58.847"/>
</kw>
<status status="PASS" starttime="20221231 05:23:58.845" endtime="20221231 05:23:58.848"/>
</kw>
<kw name="Logtext Status Should Be" library="LogTextLibrary">
<arg>200</arg>
<status status="PASS" starttime="20221231 05:23:58.848" endtime="20221231 05:23:58.848"/>
</kw>
<kw name="Find Logtext File" library="LogTextKeywords">
<arg>root/LogtextTestDelete</arg>
<kw name="Find Existing Logtext File" library="LogTextLibrary">
<arg>${BASE_URL}</arg>
<arg>${path}</arg>
<status status="PASS" starttime="20221231 05:23:58.848" endtime="20221231 05:23:58.850"/>
</kw>
<status status="PASS" starttime="20221231 05:23:58.848" endtime="20221231 05:23:58.850"/>
</kw>
<kw name="Logtext Status Should Be" library="LogTextLibrary">
<arg>404</arg>
<status status="PASS" starttime="20221231 05:23:58.850" endtime="20221231 05:23:58.850"/>
</kw>
<status status="PASS" starttime="20221231 05:23:58.839" endtime="20221231 05:23:58.850"/>
</test>
<test id="s1-t5" name="User should not be able to delete not existing file" line="47">
<kw name="Find Logtext File" library="LogTextKeywords">
<arg>root/LogtextTestDeleteNotExisting</arg>
<kw name="Find Existing Logtext File" library="LogTextLibrary">
<arg>${BASE_URL}</arg>
<arg>${path}</arg>
<status status="PASS" starttime="20221231 05:23:58.851" endtime="20221231 05:23:58.853"/>
</kw>
<status status="PASS" starttime="20221231 05:23:58.850" endtime="20221231 05:23:58.853"/>
</kw>
<kw name="Logtext Status Should Be" library="LogTextLibrary">
<arg>404</arg>
<status status="PASS" starttime="20221231 05:23:58.853" endtime="20221231 05:23:58.853"/>
</kw>
<kw name="Delete Logtext File" library="LogTextKeywords">
<arg>root/LogtextTestDeleteNotExisting</arg>
<kw name="Delete Existing Logtext File" library="LogTextLibrary">
<arg>${BASE_URL}</arg>
<arg>${path}</arg>
<status status="PASS" starttime="20221231 05:23:58.854" endtime="20221231 05:23:58.856"/>
</kw>
<status status="PASS" starttime="20221231 05:23:58.854" endtime="20221231 05:23:58.856"/>
</kw>
<kw name="Logtext Status Should Be" library="LogTextLibrary">
<arg>404</arg>
<status status="PASS" starttime="20221231 05:23:58.856" endtime="20221231 05:23:58.856"/>
</kw>
<status status="PASS" starttime="20221231 05:23:58.850" endtime="20221231 05:23:58.856"/>
</test>
<test id="s1-t6" name="User should be able to find log text file" line="53">
<kw name="Create Logtext File" library="LogTextKeywords">
<arg>root</arg>
<arg>LogtextReadTest</arg>
<kw name="Create New Logtext File" library="LogTextLibrary">
<arg>${BASE_URL}</arg>
<arg>${name}</arg>
<arg>${path}</arg>
<status status="PASS" starttime="20221231 05:23:58.857" endtime="20221231 05:23:58.859"/>
</kw>
<status status="PASS" starttime="20221231 05:23:58.856" endtime="20221231 05:23:58.859"/>
</kw>
<kw name="Find Logtext File" library="LogTextKeywords">
<arg>root/LogtextReadTest</arg>
<kw name="Find Existing Logtext File" library="LogTextLibrary">
<arg>${BASE_URL}</arg>
<arg>${path}</arg>
<status status="PASS" starttime="20221231 05:23:58.859" endtime="20221231 05:23:58.862"/>
</kw>
<status status="PASS" starttime="20221231 05:23:58.859" endtime="20221231 05:23:58.862"/>
</kw>
<kw name="Logtext Status Should Be" library="LogTextLibrary">
<arg>200</arg>
<status status="PASS" starttime="20221231 05:23:58.862" endtime="20221231 05:23:58.862"/>
</kw>
<status status="PASS" starttime="20221231 05:23:58.856" endtime="20221231 05:23:58.862"/>
</test>
<doc>A test suite for valid login.

Keywords are imported from the resource file</doc>
<status status="PASS" starttime="20221231 05:23:58.750" endtime="20221231 05:23:58.862"/>
</suite>
<statistics>
<total>
<stat pass="6" fail="0" skip="0">All Tests</stat>
</total>
<tag>
</tag>
<suite>
<stat pass="6" fail="0" skip="0" id="s1" name="LogTextTestSuite">LogTextTestSuite</stat>
</suite>
</statistics>
<errors>
</errors>
</robot>
